Using pre-set license
Built from '2020.2/release' branch; Version is '2020.2.1f1 (270dd8c3da1c) revision 2559448'; Using compiler version '192528614'; Build Type 'Release'
OS: 'Windows 10  (10.0.0) 64bit' Language: 'zh' Physical Memory: 8082 MB
BatchMode: 1, IsHumanControllingUs: 0, StartBugReporterOnCrash: 0, Is64bit: 1, IsPro: 0

 COMMAND LINE ARGUMENTS:
D:\Program Files\Unity\Editor\2020.2.1f1\Editor\Unity.exe
-adb2
-batchMode
-noUpm
-name
AssetImportWorker1
-projectPath
D:/Program Files/Unity/ZombieWorldwide
-logFile
Logs/AssetImportWorker1.log
-srvPort
58769
Successfully changed project path to: D:/Program Files/Unity/ZombieWorldwide
D:/Program Files/Unity/ZombieWorldwide
Using Asset Import Pipeline V2.
Refreshing native plugins compatible for Editor in 31.82 ms, found 0 plugins.
Preloading 0 native plugins for Editor in 0.00 ms.
Initialize engine version: 2020.2.1f1 (270dd8c3da1c)
[Subsystems] Discovering subsystems at path D:/Program Files/Unity/Editor/2020.2.1f1/Editor/Data/Resources/UnitySubsystems
[Subsystems] Discovering subsystems at path D:/Program Files/Unity/ZombieWorldwide/Assets
GfxDevice: creating device client; threaded=0
Direct3D:
    Version:  Direct3D 11.0 [level 11.1]
    Renderer: NVIDIA GeForce GTX 1060 (ID=0x1c20)
    Vendor:   
    VRAM:     6052 MB
    Driver:   27.21.14.6172
Initialize mono
Mono path[0] = 'D:/Program Files/Unity/Editor/2020.2.1f1/Editor/Data/Managed'
Mono path[1] = 'D:/Program Files/Unity/Editor/2020.2.1f1/Editor/Data/MonoBleedingEdge/lib/mono/unityjit'
Mono config path = 'D:/Program Files/Unity/Editor/2020.2.1f1/Editor/Data/MonoBleedingEdge/etc'
Using monoOptions --debugger-agent=transport=dt_socket,embedding=1,server=y,suspend=n,address=127.0.0.1:56036
Begin MonoManager ReloadAssembly
Registering precompiled unity dll's ...
Register platform support module: D:/Program Files/Unity/Editor/2020.2.1f1/Editor/Data/PlaybackEngines/WindowsStandaloneSupport/UnityEditor.WindowsStandalone.Extensions.dll
Registered in 0.002337 seconds.
Native extension for WindowsStandalone target not found
Refreshing native plugins compatible for Editor in 30.52 ms, found 0 plugins.
Preloading 0 native plugins for Editor in 0.00 ms.
Invoked RoslynAnalysisRunner static constructor.
RoslynAnalysisRunner will not be running.
RoslynAnalysisRunner has terminated.
Mono: successfully reloaded assembly
- Completed reload, in  0.938 seconds
Platform modules already initialized, skipping
Registering precompiled user dll's ...
Registered in 0.000786 seconds.
Begin MonoManager ReloadAssembly
Native extension for WindowsStandalone target not found
Refreshing native plugins compatible for Editor in 0.30 ms, found 0 plugins.
Preloading 0 native plugins for Editor in 0.00 ms.
Invoked RoslynAnalysisRunner static constructor.
RoslynAnalysisRunner will not be running.
RoslynAnalysisRunner has terminated.
Mono: successfully reloaded assembly
- Completed reload, in  3.145 seconds
Platform modules already initialized, skipping
========================================================================
Worker process is ready to serve import requests
Launched and connected shader compiler UnityShaderCompiler.exe after 0.07 seconds
Refreshing native plugins compatible for Editor in 0.33 ms, found 0 plugins.
Preloading 0 native plugins for Editor in 0.00 ms.
Unloading 1665 Unused Serialized files (Serialized files now loaded: 0)
System memory in use before: 82.1 MB.
System memory in use after: 82.1 MB.

Unloading 103 unused Assets to reduce memory usage. Loaded Objects now: 2101.
Total: 3.540900 ms (FindLiveObjects: 0.256500 ms CreateObjectMapping: 0.097600 ms MarkObjects: 2.983000 ms  DeleteObjects: 0.202300 ms)

========================================================================
Received Import Request.
  path: Assets/Scenes/Game_City_Map.unity
  artifactKey: Guid(57f5e579a0179ec48908f82cd57365c3) Importer(815301076,1909f56bfc062723c751e8b465ee728b)
Start importing Assets/Scenes/Game_City_Map.unity using Guid(57f5e579a0179ec48908f82cd57365c3) Importer(815301076,1909f56bfc062723c751e8b465ee728b)  -> (artifact id: 'ba345451cf791a545e9725fe85bb9ee8') in 0.022003 seconds
  Import took 0.099097 seconds .

========================================================================
Received Import Request.
  Time since last request: 215.730048 seconds.
  path: Assets/Scripts/Events
  artifactKey: Guid(3fe48157da665e94698bb718515ec104) Importer(815301076,1909f56bfc062723c751e8b465ee728b)
Start importing Assets/Scripts/Events using Guid(3fe48157da665e94698bb718515ec104) Importer(815301076,1909f56bfc062723c751e8b465ee728b)  -> (artifact id: 'e54c9064813a4c79dd12b50dc9ec5550') in 0.002622 seconds
  Import took 0.134357 seconds .

========================================================================
Received Import Request.
  Time since last request: 0.966642 seconds.
  path: Assets/Scripts/Events/PlayerEvents.cs
  artifactKey: Guid(1dcd8b99da49f9548b9e52d5945910ee) Importer(815301076,1909f56bfc062723c751e8b465ee728b)
Start importing Assets/Scripts/Events/PlayerEvents.cs using Guid(1dcd8b99da49f9548b9e52d5945910ee) Importer(815301076,1909f56bfc062723c751e8b465ee728b)  -> (artifact id: 'c947c7ddf4103fff83ae8fa5743fc16b') in 0.032731 seconds
  Import took 0.124391 seconds .

========================================================================
Received Import Request.
  Time since last request: 0.015963 seconds.
  path: Assets/Scripts/Events/PlayerEvents.cs
  artifactKey: Guid(1dcd8b99da49f9548b9e52d5945910ee) Importer(815301076,1909f56bfc062723c751e8b465ee728b)
Start importing Assets/Scripts/Events/PlayerEvents.cs using Guid(1dcd8b99da49f9548b9e52d5945910ee) Importer(815301076,1909f56bfc062723c751e8b465ee728b)  -> (artifact id: 'c947c7ddf4103fff83ae8fa5743fc16b') in 0.005457 seconds
  Import took 0.039740 seconds .

========================================================================
Received Prepare
Registering precompiled user dll's ...
Registered in 0.000909 seconds.
Begin MonoManager ReloadAssembly
Native extension for WindowsStandalone target not found
Refreshing native plugins compatible for Editor in 0.32 ms, found 0 plugins.
Preloading 0 native plugins for Editor in 0.00 ms.
Warning: Annotation not found!
UnityEngine.StackTraceUtility:ExtractStackTrace ()
UnityEditor.ProBuilder.EditorUtility:SetGizmoIconEnabled (System.Type,bool) (at Library/PackageCache/com.unity.probuilder@4.4.0/Editor/EditorCore/EditorUtility.cs:593)
UnityEditor.ProBuilder.HierarchyListener:.cctor () (at Library/PackageCache/com.unity.probuilder@4.4.0/Editor/EditorCore/HierarchyListener.cs:21)
System.Runtime.CompilerServices.RuntimeHelpers:RunClassConstructor (System.RuntimeTypeHandle)
UnityEditor.EditorAssemblies:ProcessInitializeOnLoadAttributes (System.Type[])

[Library/PackageCache/com.unity.probuilder@4.4.0/Editor/EditorCore/EditorUtility.cs line 593]

Invoked RoslynAnalysisRunner static constructor.
RoslynAnalysisRunner will not be running.
RoslynAnalysisRunner has terminated.
Mono: successfully reloaded assembly
- Completed reload, in  0.886 seconds
Platform modules already initialized, skipping
Refreshing native plugins compatible for Editor in 0.34 ms, found 0 plugins.
Preloading 0 native plugins for Editor in 0.00 ms.
Unloading 1617 Unused Serialized files (Serialized files now loaded: 0)
System memory in use before: 78.7 MB.
System memory in use after: 78.7 MB.

Unloading 7 unused Assets to reduce memory usage. Loaded Objects now: 2106.
Total: 2.440000 ms (FindLiveObjects: 0.212000 ms CreateObjectMapping: 0.067600 ms MarkObjects: 2.074500 ms  DeleteObjects: 0.084200 ms)

========================================================================
Received Import Request.
  Time since last request: 65.823499 seconds.
  path: Assets/Scripts/Events/PlayerEvents.cs
  artifactKey: Guid(1dcd8b99da49f9548b9e52d5945910ee) Importer(815301076,1909f56bfc062723c751e8b465ee728b)
Start importing Assets/Scripts/Events/PlayerEvents.cs using Guid(1dcd8b99da49f9548b9e52d5945910ee) Importer(815301076,1909f56bfc062723c751e8b465ee728b)  -> (artifact id: 'b37e70da942fcb0cb0074fb8201fd620') in 0.003939 seconds
  Import took 0.045133 seconds .

========================================================================
Received Import Request.
  Time since last request: 0.000367 seconds.
  path: Assets/Scripts/Events/AppEvents.cs
  artifactKey: Guid(a3b98ca714ef7ad4583f6393424a0032) Importer(815301076,1909f56bfc062723c751e8b465ee728b)
Start importing Assets/Scripts/Events/AppEvents.cs using Guid(a3b98ca714ef7ad4583f6393424a0032) Importer(815301076,1909f56bfc062723c751e8b465ee728b)  -> (artifact id: 'cf29fc1aea1bb3a9d83bbbdee0340b24') in 0.002391 seconds
  Import took 0.026291 seconds .

========================================================================
Received Import Request.
  Time since last request: 7.168142 seconds.
  path: Assets/Scripts/UI
  artifactKey: Guid(492f894ad251eee4aa467cca3143229e) Importer(815301076,1909f56bfc062723c751e8b465ee728b)
Start importing Assets/Scripts/UI using Guid(492f894ad251eee4aa467cca3143229e) Importer(815301076,1909f56bfc062723c751e8b465ee728b)  -> (artifact id: '9d61c382e4618c2929e006e47c8fd965') in 0.002789 seconds
  Import took 0.040713 seconds .

========================================================================
Received Import Request.
  Time since last request: 1.230917 seconds.
  path: Assets/Scripts/UI/Player UI
  artifactKey: Guid(a1c7b4c509c748347a40801a0ae151b9) Importer(815301076,1909f56bfc062723c751e8b465ee728b)
Start importing Assets/Scripts/UI/Player UI using Guid(a1c7b4c509c748347a40801a0ae151b9) Importer(815301076,1909f56bfc062723c751e8b465ee728b)  -> (artifact id: '17f448818825bf353c03ba0affbce797') in 0.002962 seconds
  Import took 0.017044 seconds .

========================================================================
Received Import Request.
  Time since last request: 0.001865 seconds.
  path: Assets/Scripts/UI/Player UI
  artifactKey: Guid(a1c7b4c509c748347a40801a0ae151b9) Importer(815301076,1909f56bfc062723c751e8b465ee728b)
Start importing Assets/Scripts/UI/Player UI using Guid(a1c7b4c509c748347a40801a0ae151b9) Importer(815301076,1909f56bfc062723c751e8b465ee728b)  -> (artifact id: '17f448818825bf353c03ba0affbce797') in 0.006501 seconds
  Import took 0.009355 seconds .

========================================================================
Received Import Request.
  Time since last request: 0.926157 seconds.
  path: Assets/Scripts/UI/Player UI/PlayerHealthUI.cs
  artifactKey: Guid(5d290cf63c1914b4ab4702050e1b7048) Importer(815301076,1909f56bfc062723c751e8b465ee728b)
Start importing Assets/Scripts/UI/Player UI/PlayerHealthUI.cs using Guid(5d290cf63c1914b4ab4702050e1b7048) Importer(815301076,1909f56bfc062723c751e8b465ee728b)  -> (artifact id: 'abcfea6dee62f6f4e477456b05ef83f8') in 0.003369 seconds
  Import took 0.023815 seconds .

========================================================================
Received Import Request.
  Time since last request: 0.007263 seconds.
  path: Assets/Scripts/UI/Player UI/PlayerHealthUI.cs
  artifactKey: Guid(5d290cf63c1914b4ab4702050e1b7048) Importer(815301076,1909f56bfc062723c751e8b465ee728b)
Start importing Assets/Scripts/UI/Player UI/PlayerHealthUI.cs using Guid(5d290cf63c1914b4ab4702050e1b7048) Importer(815301076,1909f56bfc062723c751e8b465ee728b)  -> (artifact id: 'abcfea6dee62f6f4e477456b05ef83f8') in 0.002659 seconds
  Import took 0.005522 seconds .

========================================================================
Received Prepare
Registering precompiled user dll's ...
Registered in 0.000825 seconds.
Begin MonoManager ReloadAssembly
Native extension for WindowsStandalone target not found
Refreshing native plugins compatible for Editor in 0.31 ms, found 0 plugins.
Preloading 0 native plugins for Editor in 0.00 ms.
Warning: Annotation not found!
UnityEngine.StackTraceUtility:ExtractStackTrace ()
UnityEditor.ProBuilder.EditorUtility:SetGizmoIconEnabled (System.Type,bool) (at Library/PackageCache/com.unity.probuilder@4.4.0/Editor/EditorCore/EditorUtility.cs:593)
UnityEditor.ProBuilder.HierarchyListener:.cctor () (at Library/PackageCache/com.unity.probuilder@4.4.0/Editor/EditorCore/HierarchyListener.cs:21)
System.Runtime.CompilerServices.RuntimeHelpers:RunClassConstructor (System.RuntimeTypeHandle)
UnityEditor.EditorAssemblies:ProcessInitializeOnLoadAttributes (System.Type[])

[Library/PackageCache/com.unity.probuilder@4.4.0/Editor/EditorCore/EditorUtility.cs line 593]

Invoked RoslynAnalysisRunner static constructor.
RoslynAnalysisRunner will not be running.
RoslynAnalysisRunner has terminated.
Mono: successfully reloaded assembly
- Completed reload, in  0.801 seconds
Platform modules already initialized, skipping
Refreshing native plugins compatible for Editor in 0.32 ms, found 0 plugins.
Preloading 0 native plugins for Editor in 0.00 ms.
Unloading 1616 Unused Serialized files (Serialized files now loaded: 0)
System memory in use before: 79.7 MB.
System memory in use after: 79.7 MB.

Unloading 7 unused Assets to reduce memory usage. Loaded Objects now: 2108.
Total: 2.579700 ms (FindLiveObjects: 0.210000 ms CreateObjectMapping: 0.055500 ms MarkObjects: 2.150100 ms  DeleteObjects: 0.162600 ms)

========================================================================
Received Prepare
Registering precompiled user dll's ...
Registered in 0.000819 seconds.
Begin MonoManager ReloadAssembly
Native extension for WindowsStandalone target not found
Refreshing native plugins compatible for Editor in 0.30 ms, found 0 plugins.
Preloading 0 native plugins for Editor in 0.00 ms.
Warning: Annotation not found!
UnityEngine.StackTraceUtility:ExtractStackTrace ()
UnityEditor.ProBuilder.EditorUtility:SetGizmoIconEnabled (System.Type,bool) (at Library/PackageCache/com.unity.probuilder@4.4.0/Editor/EditorCore/EditorUtility.cs:593)
UnityEditor.ProBuilder.HierarchyListener:.cctor () (at Library/PackageCache/com.unity.probuilder@4.4.0/Editor/EditorCore/HierarchyListener.cs:21)
System.Runtime.CompilerServices.RuntimeHelpers:RunClassConstructor (System.RuntimeTypeHandle)
UnityEditor.EditorAssemblies:ProcessInitializeOnLoadAttributes (System.Type[])

[Library/PackageCache/com.unity.probuilder@4.4.0/Editor/EditorCore/EditorUtility.cs line 593]

Invoked RoslynAnalysisRunner static constructor.
RoslynAnalysisRunner will not be running.
RoslynAnalysisRunner has terminated.
Mono: successfully reloaded assembly
- Completed reload, in  0.827 seconds
Platform modules already initialized, skipping
Refreshing native plugins compatible for Editor in 0.34 ms, found 0 plugins.
Preloading 0 native plugins for Editor in 0.00 ms.
Unloading 1616 Unused Serialized files (Serialized files now loaded: 0)
System memory in use before: 79.7 MB.
System memory in use after: 79.8 MB.

Unloading 7 unused Assets to reduce memory usage. Loaded Objects now: 2110.
Total: 2.342700 ms (FindLiveObjects: 0.200600 ms CreateObjectMapping: 0.067400 ms MarkObjects: 1.985800 ms  DeleteObjects: 0.087400 ms)

========================================================================
Received Import Request.
  Time since last request: 1930.406498 seconds.
  path: Assets/Scripts/Systems
  artifactKey: Guid(ad477c13c39277b44808b0c60f5ef4cb) Importer(815301076,1909f56bfc062723c751e8b465ee728b)
Start importing Assets/Scripts/Systems using Guid(ad477c13c39277b44808b0c60f5ef4cb) Importer(815301076,1909f56bfc062723c751e8b465ee728b)  -> (artifact id: 'b5cde6fdb8e2cb685657736a6a0adfdb') in 0.005926 seconds
  Import took 0.040376 seconds .

========================================================================
Received Import Request.
  Time since last request: 6.928506 seconds.
  path: Assets/Scenes/EnviromentScene.unity
  artifactKey: Guid(5bb491c03f18973439d1dcea4b5727f3) Importer(815301076,1909f56bfc062723c751e8b465ee728b)
Start importing Assets/Scenes/EnviromentScene.unity using Guid(5bb491c03f18973439d1dcea4b5727f3) Importer(815301076,1909f56bfc062723c751e8b465ee728b)  -> (artifact id: '6eab3b3c692afb86318a42bd8b374682') in 0.023616 seconds
  Import took 0.052300 seconds .

========================================================================
Received Import Request.
  Time since last request: 211.772179 seconds.
  path: Assets/Scripts/Enamies/ZombieComponent.cs
  artifactKey: Guid(c599609bc39457e4da46d38d44f5c4ab) Importer(815301076,1909f56bfc062723c751e8b465ee728b)
Start importing Assets/Scripts/Enamies/ZombieComponent.cs using Guid(c599609bc39457e4da46d38d44f5c4ab) Importer(815301076,1909f56bfc062723c751e8b465ee728b)  -> (artifact id: 'cd8236f8d237d5fff1024d751b76ab4c') in 0.002458 seconds
  Import took 0.005334 seconds .

========================================================================
Received Import Request.
  Time since last request: 0.001407 seconds.
  path: Assets/Scripts/Enamies/ZombieComponent.cs
  artifactKey: Guid(c599609bc39457e4da46d38d44f5c4ab) Importer(815301076,1909f56bfc062723c751e8b465ee728b)
Start importing Assets/Scripts/Enamies/ZombieComponent.cs using Guid(c599609bc39457e4da46d38d44f5c4ab) Importer(815301076,1909f56bfc062723c751e8b465ee728b)  -> (artifact id: 'cd8236f8d237d5fff1024d751b76ab4c') in 0.003422 seconds
  Import took 0.005926 seconds .

========================================================================
Received Import Request.
  Time since last request: 5.731625 seconds.
  path: Assets/Scripts/Enamies/Spawners
  artifactKey: Guid(6f4099b5f1e14f040a503ecb0dfbc159) Importer(815301076,1909f56bfc062723c751e8b465ee728b)
Start importing Assets/Scripts/Enamies/Spawners using Guid(6f4099b5f1e14f040a503ecb0dfbc159) Importer(815301076,1909f56bfc062723c751e8b465ee728b)  -> (artifact id: 'db0be65d71bf2d80d751c575c50f6e13') in 0.002722 seconds
  Import took 0.005993 seconds .

========================================================================
Received Import Request.
  Time since last request: 1.396212 seconds.
  path: Assets/Scripts/Enamies/Spawners/ZombieSpawner.cs
  artifactKey: Guid(a33e7e2fcf15cc844870dc33fdb4b0c9) Importer(815301076,1909f56bfc062723c751e8b465ee728b)
Start importing Assets/Scripts/Enamies/Spawners/ZombieSpawner.cs using Guid(a33e7e2fcf15cc844870dc33fdb4b0c9) Importer(815301076,1909f56bfc062723c751e8b465ee728b)  -> (artifact id: '82e900bba0e44bd6251197aa34ccc59d') in 0.003411 seconds
  Import took 0.006456 seconds .

========================================================================
Received Import Request.
  Time since last request: 42.495595 seconds.
  path: Assets/Scripts/Enamies/Spawners/SpawnerVolunes.cs
  artifactKey: Guid(ca93c8a89ad45c74dbd84f998fb48d9b) Importer(815301076,1909f56bfc062723c751e8b465ee728b)
Start importing Assets/Scripts/Enamies/Spawners/SpawnerVolunes.cs using Guid(ca93c8a89ad45c74dbd84f998fb48d9b) Importer(815301076,1909f56bfc062723c751e8b465ee728b)  -> (artifact id: 'f67b98107536d605e5a06488ef55f69f') in 0.002537 seconds
  Import took 0.005643 seconds .

========================================================================
Received Prepare
Registering precompiled user dll's ...
Registered in 0.001056 seconds.
Begin MonoManager ReloadAssembly
Native extension for WindowsStandalone target not found
Refreshing native plugins compatible for Editor in 0.50 ms, found 0 plugins.
Preloading 0 native plugins for Editor in 0.00 ms.
Warning: Annotation not found!
UnityEngine.StackTraceUtility:ExtractStackTrace ()
UnityEditor.ProBuilder.EditorUtility:SetGizmoIconEnabled (System.Type,bool) (at Library/PackageCache/com.unity.probuilder@4.4.0/Editor/EditorCore/EditorUtility.cs:593)
UnityEditor.ProBuilder.HierarchyListener:.cctor () (at Library/PackageCache/com.unity.probuilder@4.4.0/Editor/EditorCore/HierarchyListener.cs:21)
System.Runtime.CompilerServices.RuntimeHelpers:RunClassConstructor (System.RuntimeTypeHandle)
UnityEditor.EditorAssemblies:ProcessInitializeOnLoadAttributes (System.Type[])

[Library/PackageCache/com.unity.probuilder@4.4.0/Editor/EditorCore/EditorUtility.cs line 593]

Invoked RoslynAnalysisRunner static constructor.
RoslynAnalysisRunner will not be running.
RoslynAnalysisRunner has terminated.
Mono: successfully reloaded assembly
- Completed reload, in  0.892 seconds
Platform modules already initialized, skipping
Refreshing native plugins compatible for Editor in 0.51 ms, found 0 plugins.
Preloading 0 native plugins for Editor in 0.00 ms.
Unloading 1617 Unused Serialized files (Serialized files now loaded: 0)
System memory in use before: 82.0 MB.
System memory in use after: 81.6 MB.

Unloading 8 unused Assets to reduce memory usage. Loaded Objects now: 2112.
Total: 2.455800 ms (FindLiveObjects: 0.184400 ms CreateObjectMapping: 0.059500 ms MarkObjects: 1.852900 ms  DeleteObjects: 0.357500 ms)

========================================================================
Received Import Request.
  Time since last request: 220.382791 seconds.
  path: Assets/PolygonApocalypse/Scenes/Demo_City_Standard.unity
  artifactKey: Guid(cf7c677bbb7aac345a7c35e4f1b92a36) Importer(815301076,1909f56bfc062723c751e8b465ee728b)
Start importing Assets/PolygonApocalypse/Scenes/Demo_City_Standard.unity using Guid(cf7c677bbb7aac345a7c35e4f1b92a36) Importer(815301076,1909f56bfc062723c751e8b465ee728b)  -> (artifact id: '9d70c6c9b6ddf87a3d3d6b6017f86dc5') in 0.011013 seconds
  Import took 0.014326 seconds .

========================================================================
Received Import Request.
  Time since last request: 1.452365 seconds.
  path: Assets/PolygonApocalypse/Scenes/Demo_City_Standard 1.unity
  artifactKey: Guid(14c9b72613cb2f54a999deac27974383) Importer(815301076,1909f56bfc062723c751e8b465ee728b)
Start importing Assets/PolygonApocalypse/Scenes/Demo_City_Standard 1.unity using Guid(14c9b72613cb2f54a999deac27974383) Importer(815301076,1909f56bfc062723c751e8b465ee728b)  -> (artifact id: '359bb545c4c3a2d7e20c248f6f6fe8ee') in 0.004133 seconds
  Import took 0.007183 seconds .

========================================================================
Received Import Request.
  Time since last request: 13.431940 seconds.
  path: Assets/PolygonApocalypse/Scenes/Game_City_Map.unity
  artifactKey: Guid(cf7c677bbb7aac345a7c35e4f1b92a36) Importer(815301076,1909f56bfc062723c751e8b465ee728b)
Start importing Assets/PolygonApocalypse/Scenes/Game_City_Map.unity using Guid(cf7c677bbb7aac345a7c35e4f1b92a36) Importer(815301076,1909f56bfc062723c751e8b465ee728b)  -> (artifact id: 'c5e33af05fcaa264a2e74f336abc0d9d') in 0.003625 seconds
  Import took 0.006887 seconds .

========================================================================
Received Import Request.
  Time since last request: 13.670661 seconds.
  path: Assets/PolygonApocalypse/Materials/PolygonApocalypse_Material_02_A.mat
  artifactKey: Guid(dfab048ce97a1b844bef2e7d0899a02f) Importer(815301076,1909f56bfc062723c751e8b465ee728b)
Start importing Assets/PolygonApocalypse/Materials/PolygonApocalypse_Material_02_A.mat using Guid(dfab048ce97a1b844bef2e7d0899a02f) Importer(815301076,1909f56bfc062723c751e8b465ee728b)  -> (artifact id: '6bec5897ea18559f235837b631f8e685') in 0.963987 seconds
  Import took 0.968385 seconds .

========================================================================
Received Import Request.
  Time since last request: 0.000423 seconds.
  path: Assets/PolygonApocalypse/Materials/PolygonApocalypse_Material_Vehicle_Standard_01.mat
  artifactKey: Guid(7c26cf0bfe31c4247ad0de127e8e305f) Importer(815301076,1909f56bfc062723c751e8b465ee728b)
Start importing Assets/PolygonApocalypse/Materials/PolygonApocalypse_Material_Vehicle_Standard_01.mat using Guid(7c26cf0bfe31c4247ad0de127e8e305f) Importer(815301076,1909f56bfc062723c751e8b465ee728b)  -> (artifact id: 'beb0a53c15cd50543019f4c0149c14a6') in 0.011824 seconds
  Import took 0.014833 seconds .

========================================================================
Received Import Request.
  Time since last request: 0.000356 seconds.
  path: Assets/PolygonApocalypse/Materials/PolygonApocalypse_Material_03_A.mat
  artifactKey: Guid(5e8fc9c7c99b13c42a3462f542806e21) Importer(815301076,1909f56bfc062723c751e8b465ee728b)
Start importing Assets/PolygonApocalypse/Materials/PolygonApocalypse_Material_03_A.mat using Guid(5e8fc9c7c99b13c42a3462f542806e21) Importer(815301076,1909f56bfc062723c751e8b465ee728b)  -> (artifact id: '1616431af1fc81b6cfa12a6fa2924ce9') in 0.040273 seconds
  Import took 0.044511 seconds .

========================================================================
Received Import Request.
  Time since last request: 0.000338 seconds.
  path: Assets/PolygonApocalypse/Materials/PolygonApocalypse_Material_04_A.mat
  artifactKey: Guid(2bf2f69a5c3f9eb45b1db58fb7f33a00) Importer(815301076,1909f56bfc062723c751e8b465ee728b)
Start importing Assets/PolygonApocalypse/Materials/PolygonApocalypse_Material_04_A.mat using Guid(2bf2f69a5c3f9eb45b1db58fb7f33a00) Importer(815301076,1909f56bfc062723c751e8b465ee728b)  -> (artifact id: 'd280f6a7d386150e013417ada9631810') in 0.056374 seconds
  Import took 0.060369 seconds .

========================================================================
Received Import Request.
  Time since last request: 0.000375 seconds.
  path: Assets/PolygonApocalypse/Materials/PolygonApocalypse_Material_Road_Standard_01.mat
  artifactKey: Guid(21c1e0845fe50de4bacf0970b304729c) Importer(815301076,1909f56bfc062723c751e8b465ee728b)
Start importing Assets/PolygonApocalypse/Materials/PolygonApocalypse_Material_Road_Standard_01.mat using Guid(21c1e0845fe50de4bacf0970b304729c) Importer(815301076,1909f56bfc062723c751e8b465ee728b)  -> (artifact id: 'b3f1a2b5eb96349e7359ba3967295c0e') in 0.299669 seconds
  Import took 0.304398 seconds .

========================================================================
Received Import Request.
  Time since last request: 3.887914 seconds.
  path: Assets/Samples/Cinemachine
  artifactKey: Guid(58e0922fa03510546bf014b16e3d57c3) Importer(815301076,1909f56bfc062723c751e8b465ee728b)
Start importing Assets/Samples/Cinemachine using Guid(58e0922fa03510546bf014b16e3d57c3) Importer(815301076,1909f56bfc062723c751e8b465ee728b)  -> (artifact id: '114cb849bb1ef5331d4b22f6d3739251') in 0.002471 seconds
  Import took 0.006410 seconds .

========================================================================
Received Import Request.
  Time since last request: 868.379576 seconds.
  path: Assets/New Terrain.asset
  artifactKey: Guid(a3f695eadba6c8a478d211b4e5d132a9) Importer(815301076,1909f56bfc062723c751e8b465ee728b)
Start importing Assets/New Terrain.asset using Guid(a3f695eadba6c8a478d211b4e5d132a9) Importer(815301076,1909f56bfc062723c751e8b465ee728b)  -> (artifact id: 'eb9acc9af123acc29abd4cb288fd29db') in 0.041322 seconds
  Import took 0.125682 seconds .

========================================================================
Received Import Request.
  Time since last request: 6.541376 seconds.
  path: Assets/Data/Prefabs/Characters/Player Character.prefab
  artifactKey: Guid(379838ed2fbafd7479da3b59b234d59a) Importer(815301076,1909f56bfc062723c751e8b465ee728b)
Start importing Assets/Data/Prefabs/Characters/Player Character.prefab using Guid(379838ed2fbafd7479da3b59b234d59a) Importer(815301076,1909f56bfc062723c751e8b465ee728b)  -> (artifact id: '570ae61973872fa2189b1c2da72b2ece') in 3.123382 seconds
  Import took 3.177664 seconds .

========================================================================
Received Import Request.
  Time since last request: 0.000824 seconds.
  path: Assets/Data/Prefabs/Characters/PlayerStarter.prefab
  artifactKey: Guid(44db964a02bbf6b44bb99d761708aae8) Importer(815301076,1909f56bfc062723c751e8b465ee728b)
Start importing Assets/Data/Prefabs/Characters/PlayerStarter.prefab using Guid(44db964a02bbf6b44bb99d761708aae8) Importer(815301076,1909f56bfc062723c751e8b465ee728b)  -> (artifact id: '3b9e9b1bb3d35c056e7e7d3bc04ea88c') in 0.403508 seconds
  Import took 0.412576 seconds .

========================================================================
Received Import Request.
  Time since last request: 0.250084 seconds.
  path: Assets/Data/Prefabs/Zombie
  artifactKey: Guid(6658137fbb01aa741ae58510d6672409) Importer(815301076,1909f56bfc062723c751e8b465ee728b)
Start importing Assets/Data/Prefabs/Zombie using Guid(6658137fbb01aa741ae58510d6672409) Importer(815301076,1909f56bfc062723c751e8b465ee728b)  -> (artifact id: 'c083a6ddcc6bfc6dbd3a82e6ad02b29d') in 0.010146 seconds
  Import took 0.067116 seconds .

========================================================================
Received Import Request.
  Time since last request: 0.092343 seconds.
  path: Assets/Data/Prefabs/Zombie/Zombie_Bellboy.prefab
  artifactKey: Guid(e3f8aeb35f53c3145b8b97805b9ed9c9) Importer(815301076,1909f56bfc062723c751e8b465ee728b)
Start importing Assets/Data/Prefabs/Zombie/Zombie_Bellboy.prefab using Guid(e3f8aeb35f53c3145b8b97805b9ed9c9) Importer(815301076,1909f56bfc062723c751e8b465ee728b)  -> (artifact id: '75cdddeda88cdb779fb2d29e6469e408') in 1.979527 seconds
  Import took 2.017399 seconds .

========================================================================
Received Import Request.
  Time since last request: 30.734603 seconds.
  path: Assets/Scenes/EnviromentScene.unity
  artifactKey: Guid(5bb491c03f18973439d1dcea4b5727f3) Importer(815301076,1909f56bfc062723c751e8b465ee728b)
Start importing Assets/Scenes/EnviromentScene.unity using Guid(5bb491c03f18973439d1dcea4b5727f3) Importer(815301076,1909f56bfc062723c751e8b465ee728b)  -> (artifact id: '8b526745f947cc013f6eefbfefe2435a') in 0.049653 seconds
  Import took 0.080250 seconds .

========================================================================
Received Import Request.
  Time since last request: 146.166637 seconds.
  path: Assets/New Terrain.asset
  artifactKey: Guid(a3f695eadba6c8a478d211b4e5d132a9) Importer(815301076,1909f56bfc062723c751e8b465ee728b)
Start importing Assets/New Terrain.asset using Guid(a3f695eadba6c8a478d211b4e5d132a9) Importer(815301076,1909f56bfc062723c751e8b465ee728b)  -> (artifact id: 'a8425cc6a4ceb002e63ec852493dfc21') in 0.008468 seconds
  Import took 0.123771 seconds .

========================================================================
Received Import Request.
  Time since last request: 5.722230 seconds.
  path: Assets/Scripts/Character/WeaponScript.cs
  artifactKey: Guid(0564a8a5890fc1e4fabe2dcf17048da4) Importer(815301076,1909f56bfc062723c751e8b465ee728b)
Start importing Assets/Scripts/Character/WeaponScript.cs using Guid(0564a8a5890fc1e4fabe2dcf17048da4) Importer(815301076,1909f56bfc062723c751e8b465ee728b)  -> (artifact id: 'a93fdf5530aa9a55c2690b2bcbcf3730') in 0.021734 seconds
  Import took 0.049516 seconds .

========================================================================
Received Prepare
Registering precompiled user dll's ...
Registered in 0.001285 seconds.
Begin MonoManager ReloadAssembly
Native extension for WindowsStandalone target not found
Refreshing native plugins compatible for Editor in 0.71 ms, found 0 plugins.
Preloading 0 native plugins for Editor in 0.00 ms.
Warning: Annotation not found!
UnityEngine.StackTraceUtility:ExtractStackTrace ()
UnityEditor.ProBuilder.EditorUtility:SetGizmoIconEnabled (System.Type,bool) (at Library/PackageCache/com.unity.probuilder@4.4.0/Editor/EditorCore/EditorUtility.cs:593)
UnityEditor.ProBuilder.HierarchyListener:.cctor () (at Library/PackageCache/com.unity.probuilder@4.4.0/Editor/EditorCore/HierarchyListener.cs:21)
System.Runtime.CompilerServices.RuntimeHelpers:RunClassConstructor (System.RuntimeTypeHandle)
UnityEditor.EditorAssemblies:ProcessInitializeOnLoadAttributes (System.Type[])

[Library/PackageCache/com.unity.probuilder@4.4.0/Editor/EditorCore/EditorUtility.cs line 593]

Invoked RoslynAnalysisRunner static constructor.
RoslynAnalysisRunner will not be running.
RoslynAnalysisRunner has terminated.
Mono: successfully reloaded assembly
- Completed reload, in  0.904 seconds
Platform modules already initialized, skipping
Refreshing native plugins compatible for Editor in 0.70 ms, found 0 plugins.
Preloading 0 native plugins for Editor in 0.00 ms.
Unloading 1617 Unused Serialized files (Serialized files now loaded: 0)
System memory in use before: 97.7 MB.
System memory in use after: 96.9 MB.

Unloading 10 unused Assets to reduce memory usage. Loaded Objects now: 2156.
Total: 2.990600 ms (FindLiveObjects: 0.225300 ms CreateObjectMapping: 0.078000 ms MarkObjects: 2.049100 ms  DeleteObjects: 0.636800 ms)

========================================================================
Received Import Request.
  Time since last request: 283.128282 seconds.
  path: Assets/Scripts/Character/WeaponScript.cs
  artifactKey: Guid(0564a8a5890fc1e4fabe2dcf17048da4) Importer(815301076,1909f56bfc062723c751e8b465ee728b)
Start importing Assets/Scripts/Character/WeaponScript.cs using Guid(0564a8a5890fc1e4fabe2dcf17048da4) Importer(815301076,1909f56bfc062723c751e8b465ee728b)  -> (artifact id: '2d79e9f12e5818a34b6cb7e1291b00e7') in 0.004125 seconds
  Import took 0.006989 seconds .

========================================================================
Received Import Request.
  Time since last request: 73.876642 seconds.
  path: ProjectSettings/TagManager.asset
  artifactKey: Guid(00000000000000003000000000000000) Importer(815301076,1909f56bfc062723c751e8b465ee728b)
Start importing ProjectSettings/TagManager.asset using Guid(00000000000000003000000000000000) Importer(815301076,1909f56bfc062723c751e8b465ee728b)  -> (artifact id: '8988b340c206bb1d98ca0d47b0266d3b') in 0.019759 seconds
  Import took 0.038579 seconds .

========================================================================
Received Prepare
Registering precompiled user dll's ...
Registered in 0.001072 seconds.
Begin MonoManager ReloadAssembly
Native extension for WindowsStandalone target not found
Refreshing native plugins compatible for Editor in 0.49 ms, found 0 plugins.
Preloading 0 native plugins for Editor in 0.00 ms.
Warning: Annotation not found!
UnityEngine.StackTraceUtility:ExtractStackTrace ()
UnityEditor.ProBuilder.EditorUtility:SetGizmoIconEnabled (System.Type,bool) (at Library/PackageCache/com.unity.probuilder@4.4.0/Editor/EditorCore/EditorUtility.cs:593)
UnityEditor.ProBuilder.HierarchyListener:.cctor () (at Library/PackageCache/com.unity.probuilder@4.4.0/Editor/EditorCore/HierarchyListener.cs:21)
System.Runtime.CompilerServices.RuntimeHelpers:RunClassConstructor (System.RuntimeTypeHandle)
UnityEditor.EditorAssemblies:ProcessInitializeOnLoadAttributes (System.Type[])

[Library/PackageCache/com.unity.probuilder@4.4.0/Editor/EditorCore/EditorUtility.cs line 593]

Invoked RoslynAnalysisRunner static constructor.
RoslynAnalysisRunner will not be running.
RoslynAnalysisRunner has terminated.
Mono: successfully reloaded assembly
- Completed reload, in  0.924 seconds
Platform modules already initialized, skipping
Refreshing native plugins compatible for Editor in 1.19 ms, found 0 plugins.
Preloading 0 native plugins for Editor in 0.00 ms.
Unloading 1617 Unused Serialized files (Serialized files now loaded: 0)
System memory in use before: 97.3 MB.
System memory in use after: 96.9 MB.

Unloading 9 unused Assets to reduce memory usage. Loaded Objects now: 2158.
Total: 4.041900 ms (FindLiveObjects: 0.336700 ms CreateObjectMapping: 0.120800 ms MarkObjects: 3.186100 ms  DeleteObjects: 0.396700 ms)

========================================================================
Received Prepare
Registering precompiled user dll's ...
Registered in 0.001197 seconds.
Begin MonoManager ReloadAssembly
Native extension for WindowsStandalone target not found
Refreshing native plugins compatible for Editor in 0.51 ms, found 0 plugins.
Preloading 0 native plugins for Editor in 0.00 ms.
Warning: Annotation not found!
UnityEngine.StackTraceUtility:ExtractStackTrace ()
UnityEditor.ProBuilder.EditorUtility:SetGizmoIconEnabled (System.Type,bool) (at Library/PackageCache/com.unity.probuilder@4.4.0/Editor/EditorCore/EditorUtility.cs:593)
UnityEditor.ProBuilder.HierarchyListener:.cctor () (at Library/PackageCache/com.unity.probuilder@4.4.0/Editor/EditorCore/HierarchyListener.cs:21)
System.Runtime.CompilerServices.RuntimeHelpers:RunClassConstructor (System.RuntimeTypeHandle)
UnityEditor.EditorAssemblies:ProcessInitializeOnLoadAttributes (System.Type[])

[Library/PackageCache/com.unity.probuilder@4.4.0/Editor/EditorCore/EditorUtility.cs line 593]

Invoked RoslynAnalysisRunner static constructor.
RoslynAnalysisRunner will not be running.
RoslynAnalysisRunner has terminated.
Mono: successfully reloaded assembly
- Completed reload, in  0.850 seconds
Platform modules already initialized, skipping
Refreshing native plugins compatible for Editor in 0.51 ms, found 0 plugins.
Preloading 0 native plugins for Editor in 0.00 ms.
Unloading 1617 Unused Serialized files (Serialized files now loaded: 0)
System memory in use before: 97.3 MB.
System memory in use after: 96.9 MB.

Unloading 8 unused Assets to reduce memory usage. Loaded Objects now: 2160.
Total: 3.152900 ms (FindLiveObjects: 0.244300 ms CreateObjectMapping: 0.090300 ms MarkObjects: 2.433600 ms  DeleteObjects: 0.383200 ms)

========================================================================
Received Import Request.
  Time since last request: 438.561613 seconds.
  path: Assets/Data/Prefabs/Characters/PlayerStarter.prefab
  artifactKey: Guid(44db964a02bbf6b44bb99d761708aae8) Importer(815301076,1909f56bfc062723c751e8b465ee728b)
Start importing Assets/Data/Prefabs/Characters/PlayerStarter.prefab using Guid(44db964a02bbf6b44bb99d761708aae8) Importer(815301076,1909f56bfc062723c751e8b465ee728b)  -> (artifact id: '76b25962e6ba40473ef0f994d5df32df') in 0.304746 seconds
  Import took 0.315312 seconds .

========================================================================
Received Import Request.
  Time since last request: 0.001411 seconds.
  path: Assets/Data/Prefabs/Characters/PlayerStarter.prefab
  artifactKey: Guid(44db964a02bbf6b44bb99d761708aae8) Importer(815301076,1909f56bfc062723c751e8b465ee728b)
Start importing Assets/Data/Prefabs/Characters/PlayerStarter.prefab using Guid(44db964a02bbf6b44bb99d761708aae8) Importer(815301076,1909f56bfc062723c751e8b465ee728b)  -> (artifact id: '76b25962e6ba40473ef0f994d5df32df') in 0.198724 seconds
  Import took 0.208824 seconds .

========================================================================
Received Import Request.
  Time since last request: 10.255179 seconds.
  path: Assets/Scenes/Game_City_Map.unity
  artifactKey: Guid(cf7c677bbb7aac345a7c35e4f1b92a36) Importer(815301076,1909f56bfc062723c751e8b465ee728b)
Start importing Assets/Scenes/Game_City_Map.unity using Guid(cf7c677bbb7aac345a7c35e4f1b92a36) Importer(815301076,1909f56bfc062723c751e8b465ee728b)  -> (artifact id: '936569ca0d5b725704896e3899a2ba66') in 0.003561 seconds
  Import took 0.006657 seconds .

